mode: set
github.com/andikabahari/eoplatform/server/handler/order_handler.go:25.54,27.2 1 0
github.com/andikabahari/eoplatform/server/handler/order_handler.go:29.56,35.31 5 0
github.com/andikabahari/eoplatform/server/handler/order_handler.go:38.2,38.32 1 0
github.com/andikabahari/eoplatform/server/handler/order_handler.go:42.2,45.4 1 0
github.com/andikabahari/eoplatform/server/handler/order_handler.go:35.31,37.3 1 0
github.com/andikabahari/eoplatform/server/handler/order_handler.go:38.32,40.3 1 0
github.com/andikabahari/eoplatform/server/handler/order_handler.go:48.58,52.31 3 0
github.com/andikabahari/eoplatform/server/handler/order_handler.go:59.2,61.37 2 0
github.com/andikabahari/eoplatform/server/handler/order_handler.go:65.2,65.39 1 0
github.com/andikabahari/eoplatform/server/handler/order_handler.go:72.2,73.16 2 0
github.com/andikabahari/eoplatform/server/handler/order_handler.go:77.2,81.36 4 0
github.com/andikabahari/eoplatform/server/handler/order_handler.go:98.2,123.4 19 0
github.com/andikabahari/eoplatform/server/handler/order_handler.go:52.31,57.3 1 0
github.com/andikabahari/eoplatform/server/handler/order_handler.go:61.37,63.3 1 0
github.com/andikabahari/eoplatform/server/handler/order_handler.go:65.39,70.3 1 0
github.com/andikabahari/eoplatform/server/handler/order_handler.go:73.16,75.3 1 0
github.com/andikabahari/eoplatform/server/handler/order_handler.go:81.36,85.13 3 0
github.com/andikabahari/eoplatform/server/handler/order_handler.go:89.3,89.56 1 0
github.com/andikabahari/eoplatform/server/handler/order_handler.go:95.3,95.39 1 0
github.com/andikabahari/eoplatform/server/handler/order_handler.go:85.13,87.4 1 0
github.com/andikabahari/eoplatform/server/handler/order_handler.go:89.56,93.4 1 0
github.com/andikabahari/eoplatform/server/handler/order_handler.go:126.68,131.19 4 0
github.com/andikabahari/eoplatform/server/handler/order_handler.go:138.2,141.43 3 0
github.com/andikabahari/eoplatform/server/handler/order_handler.go:148.2,149.46 2 0
github.com/andikabahari/eoplatform/server/handler/order_handler.go:188.2,188.47 1 0
github.com/andikabahari/eoplatform/server/handler/order_handler.go:192.2,197.4 2 0
github.com/andikabahari/eoplatform/server/handler/order_handler.go:131.19,136.3 1 0
github.com/andikabahari/eoplatform/server/handler/order_handler.go:141.43,146.3 1 0
github.com/andikabahari/eoplatform/server/handler/order_handler.go:149.46,153.42 3 0
github.com/andikabahari/eoplatform/server/handler/order_handler.go:157.3,186.34 11 0
github.com/andikabahari/eoplatform/server/handler/order_handler.go:153.42,155.4 1 0
github.com/andikabahari/eoplatform/server/handler/order_handler.go:188.47,190.3 1 0
github.com/andikabahari/eoplatform/server/handler/order_handler.go:200.58,205.19 4 0
github.com/andikabahari/eoplatform/server/handler/order_handler.go:212.2,215.31 3 0
github.com/andikabahari/eoplatform/server/handler/order_handler.go:222.2,231.4 2 0
github.com/andikabahari/eoplatform/server/handler/order_handler.go:205.19,210.3 1 0
github.com/andikabahari/eoplatform/server/handler/order_handler.go:215.31,220.3 1 0
github.com/andikabahari/eoplatform/server/handler/order_handler.go:234.60,237.37 2 0
github.com/andikabahari/eoplatform/server/handler/order_handler.go:240.2,248.26 6 0
github.com/andikabahari/eoplatform/server/handler/order_handler.go:255.2,255.59 1 0
github.com/andikabahari/eoplatform/server/handler/order_handler.go:258.2,258.78 1 0
github.com/andikabahari/eoplatform/server/handler/order_handler.go:266.2,270.4 2 0
github.com/andikabahari/eoplatform/server/handler/order_handler.go:237.37,239.3 1 0
github.com/andikabahari/eoplatform/server/handler/order_handler.go:248.26,253.3 1 0
github.com/andikabahari/eoplatform/server/handler/order_handler.go:255.59,257.3 1 0
github.com/andikabahari/eoplatform/server/handler/order_handler.go:258.78,265.3 5 0
github.com/andikabahari/eoplatform/server/handler/register_handler.go:19.60,21.2 1 1
github.com/andikabahari/eoplatform/server/handler/register_handler.go:23.58,26.37 2 1
github.com/andikabahari/eoplatform/server/handler/register_handler.go:30.2,30.39 1 1
github.com/andikabahari/eoplatform/server/handler/register_handler.go:37.2,38.16 2 1
github.com/andikabahari/eoplatform/server/handler/register_handler.go:42.2,46.25 4 1
github.com/andikabahari/eoplatform/server/handler/register_handler.go:53.2,64.4 7 1
github.com/andikabahari/eoplatform/server/handler/register_handler.go:26.37,28.3 1 0
github.com/andikabahari/eoplatform/server/handler/register_handler.go:30.39,35.3 1 1
github.com/andikabahari/eoplatform/server/handler/register_handler.go:38.16,40.3 1 0
github.com/andikabahari/eoplatform/server/handler/register_handler.go:46.25,51.3 1 0
github.com/andikabahari/eoplatform/server/handler/service_handler.go:20.58,22.2 1 0
github.com/andikabahari/eoplatform/server/handler/service_handler.go:24.60,33.2 4 0
github.com/andikabahari/eoplatform/server/handler/service_handler.go:35.60,40.21 4 0
github.com/andikabahari/eoplatform/server/handler/service_handler.go:47.2,50.4 1 0
github.com/andikabahari/eoplatform/server/handler/service_handler.go:40.21,45.3 1 0
github.com/andikabahari/eoplatform/server/handler/service_handler.go:53.62,57.32 3 0
github.com/andikabahari/eoplatform/server/handler/service_handler.go:64.2,66.37 2 0
github.com/andikabahari/eoplatform/server/handler/service_handler.go:70.2,70.39 1 0
github.com/andikabahari/eoplatform/server/handler/service_handler.go:77.2,91.4 10 0
github.com/andikabahari/eoplatform/server/handler/service_handler.go:57.32,62.3 1 0
github.com/andikabahari/eoplatform/server/handler/service_handler.go:66.37,68.3 1 0
github.com/andikabahari/eoplatform/server/handler/service_handler.go:70.39,75.3 1 0
github.com/andikabahari/eoplatform/server/handler/service_handler.go:94.62,97.37 2 0
github.com/andikabahari/eoplatform/server/handler/service_handler.go:101.2,101.39 1 0
github.com/andikabahari/eoplatform/server/handler/service_handler.go:108.2,112.21 4 0
github.com/andikabahari/eoplatform/server/handler/service_handler.go:119.2,122.33 3 0
github.com/andikabahari/eoplatform/server/handler/service_handler.go:129.2,132.15 4 0
github.com/andikabahari/eoplatform/server/handler/service_handler.go:139.2,144.4 2 0
github.com/andikabahari/eoplatform/server/handler/service_handler.go:97.37,99.3 1 0
github.com/andikabahari/eoplatform/server/handler/service_handler.go:101.39,106.3 1 0
github.com/andikabahari/eoplatform/server/handler/service_handler.go:112.21,117.3 1 0
github.com/andikabahari/eoplatform/server/handler/service_handler.go:122.33,127.3 1 0
github.com/andikabahari/eoplatform/server/handler/service_handler.go:132.15,137.3 1 0
github.com/andikabahari/eoplatform/server/handler/service_handler.go:147.62,152.21 4 0
github.com/andikabahari/eoplatform/server/handler/service_handler.go:159.2,162.33 3 0
github.com/andikabahari/eoplatform/server/handler/service_handler.go:169.2,178.4 2 0
github.com/andikabahari/eoplatform/server/handler/service_handler.go:152.21,157.3 1 0
github.com/andikabahari/eoplatform/server/handler/service_handler.go:162.33,167.3 1 0
github.com/andikabahari/eoplatform/server/handler/account_handler.go:21.58,23.2 1 1
github.com/andikabahari/eoplatform/server/handler/account_handler.go:25.59,33.18 6 1
github.com/andikabahari/eoplatform/server/handler/account_handler.go:40.2,43.4 1 1
github.com/andikabahari/eoplatform/server/handler/account_handler.go:33.18,38.3 1 1
github.com/andikabahari/eoplatform/server/handler/account_handler.go:46.62,49.37 2 1
github.com/andikabahari/eoplatform/server/handler/account_handler.go:53.2,53.39 1 1
github.com/andikabahari/eoplatform/server/handler/account_handler.go:60.2,67.18 6 1
github.com/andikabahari/eoplatform/server/handler/account_handler.go:74.2,79.4 2 1
github.com/andikabahari/eoplatform/server/handler/account_handler.go:49.37,51.3 1 0
github.com/andikabahari/eoplatform/server/handler/account_handler.go:53.39,58.3 1 1
github.com/andikabahari/eoplatform/server/handler/account_handler.go:67.18,72.3 1 1
github.com/andikabahari/eoplatform/server/handler/account_handler.go:82.62,85.37 2 1
github.com/andikabahari/eoplatform/server/handler/account_handler.go:89.2,89.39 1 1
github.com/andikabahari/eoplatform/server/handler/account_handler.go:96.2,96.41 1 1
github.com/andikabahari/eoplatform/server/handler/account_handler.go:105.2,112.18 6 1
github.com/andikabahari/eoplatform/server/handler/account_handler.go:119.2,119.102 1 1
github.com/andikabahari/eoplatform/server/handler/account_handler.go:126.2,127.16 2 1
github.com/andikabahari/eoplatform/server/handler/account_handler.go:131.2,140.4 2 1
github.com/andikabahari/eoplatform/server/handler/account_handler.go:85.37,87.3 1 0
github.com/andikabahari/eoplatform/server/handler/account_handler.go:89.39,94.3 1 1
github.com/andikabahari/eoplatform/server/handler/account_handler.go:96.41,103.3 1 1
github.com/andikabahari/eoplatform/server/handler/account_handler.go:112.18,117.3 1 1
github.com/andikabahari/eoplatform/server/handler/account_handler.go:119.102,124.3 1 1
github.com/andikabahari/eoplatform/server/handler/account_handler.go:127.16,129.3 1 0
github.com/andikabahari/eoplatform/server/handler/bank_account_handler.go:21.66,23.2 1 1
github.com/andikabahari/eoplatform/server/handler/bank_account_handler.go:25.68,29.32 3 1
github.com/andikabahari/eoplatform/server/handler/bank_account_handler.go:36.2,43.4 4 1
github.com/andikabahari/eoplatform/server/handler/bank_account_handler.go:29.32,34.3 1 1
github.com/andikabahari/eoplatform/server/handler/bank_account_handler.go:46.70,50.32 3 1
github.com/andikabahari/eoplatform/server/handler/bank_account_handler.go:57.2,59.37 2 1
github.com/andikabahari/eoplatform/server/handler/bank_account_handler.go:63.2,63.39 1 1
github.com/andikabahari/eoplatform/server/handler/bank_account_handler.go:70.2,81.4 7 1
github.com/andikabahari/eoplatform/server/handler/bank_account_handler.go:50.32,55.3 1 1
github.com/andikabahari/eoplatform/server/handler/bank_account_handler.go:59.37,61.3 1 0
github.com/andikabahari/eoplatform/server/handler/bank_account_handler.go:63.39,68.3 1 1
github.com/andikabahari/eoplatform/server/handler/bank_account_handler.go:84.70,87.37 2 1
github.com/andikabahari/eoplatform/server/handler/bank_account_handler.go:91.2,91.39 1 1
github.com/andikabahari/eoplatform/server/handler/bank_account_handler.go:98.2,105.25 6 1
github.com/andikabahari/eoplatform/server/handler/bank_account_handler.go:112.2,117.4 2 1
github.com/andikabahari/eoplatform/server/handler/bank_account_handler.go:87.37,89.3 1 0
github.com/andikabahari/eoplatform/server/handler/bank_account_handler.go:91.39,96.3 1 1
github.com/andikabahari/eoplatform/server/handler/bank_account_handler.go:105.25,110.3 1 1
github.com/andikabahari/eoplatform/server/handler/bank_account_handler.go:120.70,122.16 2 0
github.com/andikabahari/eoplatform/server/handler/bank_account_handler.go:126.2,130.25 4 0
github.com/andikabahari/eoplatform/server/handler/bank_account_handler.go:136.2,139.37 3 0
github.com/andikabahari/eoplatform/server/handler/bank_account_handler.go:145.2,153.4 2 0
github.com/andikabahari/eoplatform/server/handler/bank_account_handler.go:122.16,124.3 1 0
github.com/andikabahari/eoplatform/server/handler/bank_account_handler.go:130.25,134.3 1 0
github.com/andikabahari/eoplatform/server/handler/bank_account_handler.go:139.37,143.3 1 0
github.com/andikabahari/eoplatform/server/handler/feedback_handler.go:20.60,22.2 1 1
github.com/andikabahari/eoplatform/server/handler/feedback_handler.go:24.62,33.2 4 1
github.com/andikabahari/eoplatform/server/handler/feedback_handler.go:35.64,39.31 3 1
github.com/andikabahari/eoplatform/server/handler/feedback_handler.go:46.2,48.37 2 1
github.com/andikabahari/eoplatform/server/handler/feedback_handler.go:52.2,52.39 1 1
github.com/andikabahari/eoplatform/server/handler/feedback_handler.go:59.2,63.35 4 1
github.com/andikabahari/eoplatform/server/handler/feedback_handler.go:70.2,77.16 7 1
github.com/andikabahari/eoplatform/server/handler/feedback_handler.go:81.2,81.16 1 1
github.com/andikabahari/eoplatform/server/handler/feedback_handler.go:87.2,96.4 5 1
github.com/andikabahari/eoplatform/server/handler/feedback_handler.go:39.31,44.3 1 1
github.com/andikabahari/eoplatform/server/handler/feedback_handler.go:48.37,50.3 1 0
github.com/andikabahari/eoplatform/server/handler/feedback_handler.go:52.39,57.3 1 1
github.com/andikabahari/eoplatform/server/handler/feedback_handler.go:63.35,68.3 1 1
github.com/andikabahari/eoplatform/server/handler/feedback_handler.go:77.16,79.3 1 0
github.com/andikabahari/eoplatform/server/handler/feedback_handler.go:81.16,83.3 1 1
github.com/andikabahari/eoplatform/server/handler/feedback_handler.go:83.8,85.3 1 1
github.com/andikabahari/eoplatform/server/handler/hello_handler.go:14.54,16.2 1 1
github.com/andikabahari/eoplatform/server/handler/hello_handler.go:18.55,20.2 1 1
github.com/andikabahari/eoplatform/server/handler/login_handler.go:19.54,21.2 1 1
github.com/andikabahari/eoplatform/server/handler/login_handler.go:23.52,26.37 2 1
github.com/andikabahari/eoplatform/server/handler/login_handler.go:30.2,35.18 4 1
github.com/andikabahari/eoplatform/server/handler/login_handler.go:42.2,42.99 1 1
github.com/andikabahari/eoplatform/server/handler/login_handler.go:49.2,50.16 2 1
github.com/andikabahari/eoplatform/server/handler/login_handler.go:54.2,57.4 1 1
github.com/andikabahari/eoplatform/server/handler/login_handler.go:26.37,28.3 1 0
github.com/andikabahari/eoplatform/server/handler/login_handler.go:35.18,40.3 1 1
github.com/andikabahari/eoplatform/server/handler/login_handler.go:42.99,47.3 1 1
github.com/andikabahari/eoplatform/server/handler/login_handler.go:50.16,52.3 1 0
