mode: set
github.com/andikabahari/eoplatform/repository/bank_account_repository.go:22.66,24.2 1 1
github.com/andikabahari/eoplatform/repository/bank_account_repository.go:26.85,28.2 1 1
github.com/andikabahari/eoplatform/repository/bank_account_repository.go:30.91,32.2 1 1
github.com/andikabahari/eoplatform/repository/bank_account_repository.go:34.79,36.2 1 1
github.com/andikabahari/eoplatform/repository/bank_account_repository.go:38.72,40.2 1 1
github.com/andikabahari/eoplatform/repository/bank_account_repository.go:42.111,47.2 3 1
github.com/andikabahari/eoplatform/repository/bank_account_repository.go:49.72,51.2 1 1
github.com/andikabahari/eoplatform/repository/feedback_repository.go:21.60,23.2 1 1
github.com/andikabahari/eoplatform/repository/feedback_repository.go:25.80,26.20 1 1
github.com/andikabahari/eoplatform/repository/feedback_repository.go:26.20,28.3 1 1
github.com/andikabahari/eoplatform/repository/feedback_repository.go:28.8,30.3 1 1
github.com/andikabahari/eoplatform/repository/feedback_repository.go:33.63,35.2 1 1
github.com/andikabahari/eoplatform/repository/feedback_repository.go:37.78,49.2 4 1
github.com/andikabahari/eoplatform/repository/feedback_repository.go:51.75,67.2 4 1
github.com/andikabahari/eoplatform/repository/order_repository.go:23.54,25.2 1 1
github.com/andikabahari/eoplatform/repository/order_repository.go:27.84,29.2 1 1
github.com/andikabahari/eoplatform/repository/order_repository.go:31.85,42.2 2 1
github.com/andikabahari/eoplatform/repository/order_repository.go:44.54,46.2 1 1
github.com/andikabahari/eoplatform/repository/order_repository.go:48.63,50.2 1 1
github.com/andikabahari/eoplatform/repository/order_repository.go:52.64,54.2 1 1
github.com/andikabahari/eoplatform/repository/order_repository.go:56.54,58.2 1 1
github.com/andikabahari/eoplatform/repository/payment_repository.go:20.58,22.2 1 1
github.com/andikabahari/eoplatform/repository/payment_repository.go:24.60,26.2 1 1
github.com/andikabahari/eoplatform/repository/payment_repository.go:28.113,32.2 2 1
github.com/andikabahari/eoplatform/repository/payment_repository.go:34.86,36.2 1 1
github.com/andikabahari/eoplatform/repository/payment_repository.go:38.84,40.2 1 1
github.com/andikabahari/eoplatform/repository/service_repository.go:23.58,25.2 1 1
github.com/andikabahari/eoplatform/repository/service_repository.go:27.76,28.19 1 1
github.com/andikabahari/eoplatform/repository/service_repository.go:28.19,31.3 2 1
github.com/andikabahari/eoplatform/repository/service_repository.go:31.8,33.3 1 1
github.com/andikabahari/eoplatform/repository/service_repository.go:36.69,38.2 1 1
github.com/andikabahari/eoplatform/repository/service_repository.go:40.60,42.2 1 1
github.com/andikabahari/eoplatform/repository/service_repository.go:44.95,52.2 6 1
github.com/andikabahari/eoplatform/repository/service_repository.go:54.60,56.2 1 1
github.com/andikabahari/eoplatform/repository/user_repository.go:21.52,23.2 1 1
github.com/andikabahari/eoplatform/repository/user_repository.go:25.58,27.2 1 1
github.com/andikabahari/eoplatform/repository/user_repository.go:29.76,31.2 1 1
github.com/andikabahari/eoplatform/repository/user_repository.go:33.51,35.2 1 1
github.com/andikabahari/eoplatform/repository/user_repository.go:37.83,41.2 2 1
github.com/andikabahari/eoplatform/repository/user_repository.go:43.75,47.2 2 1
github.com/andikabahari/eoplatform/usecase/register_usecase.go:24.74,26.2 1 1
github.com/andikabahari/eoplatform/usecase/register_usecase.go:28.102,31.16 3 1
github.com/andikabahari/eoplatform/usecase/register_usecase.go:36.2,38.25 3 1
github.com/andikabahari/eoplatform/usecase/register_usecase.go:42.2,50.12 7 1
github.com/andikabahari/eoplatform/usecase/register_usecase.go:31.16,34.3 2 0
github.com/andikabahari/eoplatform/usecase/register_usecase.go:38.25,40.3 1 1
github.com/andikabahari/eoplatform/usecase/service_usecase.go:26.78,28.2 1 1
github.com/andikabahari/eoplatform/usecase/service_usecase.go:30.81,32.2 1 1
github.com/andikabahari/eoplatform/usecase/service_usecase.go:34.89,37.21 2 1
github.com/andikabahari/eoplatform/usecase/service_usecase.go:41.2,41.12 1 1
github.com/andikabahari/eoplatform/usecase/service_usecase.go:37.21,39.3 1 1
github.com/andikabahari/eoplatform/usecase/service_usecase.go:44.131,53.2 7 1
github.com/andikabahari/eoplatform/usecase/service_usecase.go:55.133,61.21 4 1
github.com/andikabahari/eoplatform/usecase/service_usecase.go:65.2,65.33 1 1
github.com/andikabahari/eoplatform/usecase/service_usecase.go:69.2,71.12 2 1
github.com/andikabahari/eoplatform/usecase/service_usecase.go:61.21,63.3 1 1
github.com/andikabahari/eoplatform/usecase/service_usecase.go:65.33,67.3 1 1
github.com/andikabahari/eoplatform/usecase/service_usecase.go:74.98,80.21 4 1
github.com/andikabahari/eoplatform/usecase/service_usecase.go:84.2,84.33 1 1
github.com/andikabahari/eoplatform/usecase/service_usecase.go:88.2,90.12 2 1
github.com/andikabahari/eoplatform/usecase/service_usecase.go:80.21,82.3 1 1
github.com/andikabahari/eoplatform/usecase/service_usecase.go:84.33,86.3 1 1
github.com/andikabahari/eoplatform/usecase/account_usecase.go:25.72,27.2 1 1
github.com/andikabahari/eoplatform/usecase/account_usecase.go:29.103,32.18 2 1
github.com/andikabahari/eoplatform/usecase/account_usecase.go:36.2,36.12 1 1
github.com/andikabahari/eoplatform/usecase/account_usecase.go:32.18,34.3 1 1
github.com/andikabahari/eoplatform/usecase/account_usecase.go:39.138,42.18 2 1
github.com/andikabahari/eoplatform/usecase/account_usecase.go:46.2,48.12 2 1
github.com/andikabahari/eoplatform/usecase/account_usecase.go:42.18,44.3 1 1
github.com/andikabahari/eoplatform/usecase/account_usecase.go:51.146,54.18 2 1
github.com/andikabahari/eoplatform/usecase/account_usecase.go:58.2,58.102 1 1
github.com/andikabahari/eoplatform/usecase/account_usecase.go:62.2,64.16 3 1
github.com/andikabahari/eoplatform/usecase/account_usecase.go:69.2,71.12 2 1
github.com/andikabahari/eoplatform/usecase/account_usecase.go:54.18,56.3 1 1
github.com/andikabahari/eoplatform/usecase/account_usecase.go:58.102,60.3 1 1
github.com/andikabahari/eoplatform/usecase/account_usecase.go:64.16,67.3 2 0
github.com/andikabahari/eoplatform/usecase/bank_account_usecase.go:22.94,24.2 1 1
github.com/andikabahari/eoplatform/usecase/bank_account_usecase.go:26.109,28.2 1 1
github.com/andikabahari/eoplatform/usecase/bank_account_usecase.go:30.151,36.2 4 1
github.com/andikabahari/eoplatform/usecase/bank_account_usecase.go:38.167,41.25 2 1
github.com/andikabahari/eoplatform/usecase/bank_account_usecase.go:45.2,47.12 2 1
github.com/andikabahari/eoplatform/usecase/bank_account_usecase.go:41.25,43.3 1 1
github.com/andikabahari/eoplatform/usecase/login_usecase.go:23.68,25.2 1 1
github.com/andikabahari/eoplatform/usecase/login_usecase.go:27.88,32.18 3 1
github.com/andikabahari/eoplatform/usecase/login_usecase.go:36.2,37.16 2 1
github.com/andikabahari/eoplatform/usecase/login_usecase.go:41.2,42.16 2 1
github.com/andikabahari/eoplatform/usecase/login_usecase.go:47.2,47.12 1 1
github.com/andikabahari/eoplatform/usecase/login_usecase.go:32.18,34.3 1 1
github.com/andikabahari/eoplatform/usecase/login_usecase.go:37.16,39.3 1 1
github.com/andikabahari/eoplatform/usecase/login_usecase.go:42.16,45.3 2 0
github.com/andikabahari/eoplatform/server/handler/service_handler.go:19.66,21.2 1 1
github.com/andikabahari/eoplatform/server/handler/service_handler.go:23.60,31.2 3 1
github.com/andikabahari/eoplatform/server/handler/service_handler.go:33.60,36.81 2 1
github.com/andikabahari/eoplatform/server/handler/service_handler.go:44.2,47.4 1 1
github.com/andikabahari/eoplatform/server/handler/service_handler.go:36.81,42.3 2 1
github.com/andikabahari/eoplatform/server/handler/service_handler.go:50.62,54.32 3 1
github.com/andikabahari/eoplatform/server/handler/service_handler.go:61.2,63.37 2 1
github.com/andikabahari/eoplatform/server/handler/service_handler.go:67.2,67.39 1 1
github.com/andikabahari/eoplatform/server/handler/service_handler.go:74.2,80.4 3 1
github.com/andikabahari/eoplatform/server/handler/service_handler.go:54.32,59.3 1 1
github.com/andikabahari/eoplatform/server/handler/service_handler.go:63.37,65.3 1 0
github.com/andikabahari/eoplatform/server/handler/service_handler.go:67.39,72.3 1 1
github.com/andikabahari/eoplatform/server/handler/service_handler.go:83.62,86.37 2 1
github.com/andikabahari/eoplatform/server/handler/service_handler.go:90.2,90.39 1 1
github.com/andikabahari/eoplatform/server/handler/service_handler.go:97.2,99.77 2 1
github.com/andikabahari/eoplatform/server/handler/service_handler.go:107.2,110.4 1 1
github.com/andikabahari/eoplatform/server/handler/service_handler.go:86.37,88.3 1 0
github.com/andikabahari/eoplatform/server/handler/service_handler.go:90.39,95.3 1 1
github.com/andikabahari/eoplatform/server/handler/service_handler.go:99.77,105.3 2 1
github.com/andikabahari/eoplatform/server/handler/service_handler.go:113.62,116.71 2 1
github.com/andikabahari/eoplatform/server/handler/service_handler.go:124.2,131.4 1 1
github.com/andikabahari/eoplatform/server/handler/service_handler.go:116.71,122.3 2 1
github.com/andikabahari/eoplatform/server/handler/account_handler.go:19.66,21.2 1 1
github.com/andikabahari/eoplatform/server/handler/account_handler.go:23.59,29.70 4 1
github.com/andikabahari/eoplatform/server/handler/account_handler.go:37.2,40.4 1 1
github.com/andikabahari/eoplatform/server/handler/account_handler.go:29.70,35.3 2 1
github.com/andikabahari/eoplatform/server/handler/account_handler.go:43.62,46.37 2 1
github.com/andikabahari/eoplatform/server/handler/account_handler.go:50.2,50.39 1 1
github.com/andikabahari/eoplatform/server/handler/account_handler.go:57.2,62.79 4 1
github.com/andikabahari/eoplatform/server/handler/account_handler.go:70.2,73.4 1 1
github.com/andikabahari/eoplatform/server/handler/account_handler.go:46.37,48.3 1 0
github.com/andikabahari/eoplatform/server/handler/account_handler.go:50.39,55.3 1 1
github.com/andikabahari/eoplatform/server/handler/account_handler.go:62.79,68.3 2 1
github.com/andikabahari/eoplatform/server/handler/account_handler.go:76.62,79.37 2 1
github.com/andikabahari/eoplatform/server/handler/account_handler.go:83.2,83.39 1 1
github.com/andikabahari/eoplatform/server/handler/account_handler.go:90.2,90.41 1 1
github.com/andikabahari/eoplatform/server/handler/account_handler.go:99.2,104.79 4 1
github.com/andikabahari/eoplatform/server/handler/account_handler.go:112.2,119.4 1 1
github.com/andikabahari/eoplatform/server/handler/account_handler.go:79.37,81.3 1 0
github.com/andikabahari/eoplatform/server/handler/account_handler.go:83.39,88.3 1 1
github.com/andikabahari/eoplatform/server/handler/account_handler.go:90.41,97.3 1 1
github.com/andikabahari/eoplatform/server/handler/account_handler.go:104.79,110.3 2 1
github.com/andikabahari/eoplatform/server/handler/bank_account_handler.go:19.78,21.2 1 1
github.com/andikabahari/eoplatform/server/handler/bank_account_handler.go:23.68,27.32 3 1
github.com/andikabahari/eoplatform/server/handler/bank_account_handler.go:34.2,40.4 3 1
github.com/andikabahari/eoplatform/server/handler/bank_account_handler.go:27.32,32.3 1 1
github.com/andikabahari/eoplatform/server/handler/bank_account_handler.go:43.70,47.32 3 1
github.com/andikabahari/eoplatform/server/handler/bank_account_handler.go:54.2,56.37 2 1
github.com/andikabahari/eoplatform/server/handler/bank_account_handler.go:60.2,60.39 1 1
github.com/andikabahari/eoplatform/server/handler/bank_account_handler.go:67.2,73.4 3 1
github.com/andikabahari/eoplatform/server/handler/bank_account_handler.go:47.32,52.3 1 1
github.com/andikabahari/eoplatform/server/handler/bank_account_handler.go:56.37,58.3 1 0
github.com/andikabahari/eoplatform/server/handler/bank_account_handler.go:60.39,65.3 1 1
github.com/andikabahari/eoplatform/server/handler/bank_account_handler.go:76.70,79.37 2 1
github.com/andikabahari/eoplatform/server/handler/bank_account_handler.go:83.2,83.39 1 1
github.com/andikabahari/eoplatform/server/handler/bank_account_handler.go:90.2,95.90 4 1
github.com/andikabahari/eoplatform/server/handler/bank_account_handler.go:103.2,106.4 1 1
github.com/andikabahari/eoplatform/server/handler/bank_account_handler.go:79.37,81.3 1 0
github.com/andikabahari/eoplatform/server/handler/bank_account_handler.go:83.39,88.3 1 1
github.com/andikabahari/eoplatform/server/handler/bank_account_handler.go:95.90,101.3 2 1
github.com/andikabahari/eoplatform/server/handler/feedback_handler.go:27.20,33.2 1 1
github.com/andikabahari/eoplatform/server/handler/feedback_handler.go:35.62,43.2 3 1
github.com/andikabahari/eoplatform/server/handler/feedback_handler.go:45.64,49.31 3 1
github.com/andikabahari/eoplatform/server/handler/feedback_handler.go:56.2,58.37 2 1
github.com/andikabahari/eoplatform/server/handler/feedback_handler.go:62.2,62.39 1 1
github.com/andikabahari/eoplatform/server/handler/feedback_handler.go:69.2,72.35 3 1
github.com/andikabahari/eoplatform/server/handler/feedback_handler.go:79.2,86.16 7 0
github.com/andikabahari/eoplatform/server/handler/feedback_handler.go:90.2,90.16 1 0
github.com/andikabahari/eoplatform/server/handler/feedback_handler.go:96.2,104.4 4 0
github.com/andikabahari/eoplatform/server/handler/feedback_handler.go:49.31,54.3 1 1
github.com/andikabahari/eoplatform/server/handler/feedback_handler.go:58.37,60.3 1 0
github.com/andikabahari/eoplatform/server/handler/feedback_handler.go:62.39,67.3 1 1
github.com/andikabahari/eoplatform/server/handler/feedback_handler.go:72.35,77.3 1 1
github.com/andikabahari/eoplatform/server/handler/feedback_handler.go:86.16,88.3 1 0
github.com/andikabahari/eoplatform/server/handler/feedback_handler.go:90.16,92.3 1 0
github.com/andikabahari/eoplatform/server/handler/feedback_handler.go:92.8,94.3 1 0
github.com/andikabahari/eoplatform/server/handler/hello_handler.go:14.54,16.2 1 1
github.com/andikabahari/eoplatform/server/handler/hello_handler.go:18.55,20.2 1 1
github.com/andikabahari/eoplatform/server/handler/login_handler.go:15.60,17.2 1 1
github.com/andikabahari/eoplatform/server/handler/login_handler.go:19.52,22.37 2 1
github.com/andikabahari/eoplatform/server/handler/login_handler.go:26.2,28.64 2 1
github.com/andikabahari/eoplatform/server/handler/login_handler.go:36.2,39.4 1 1
github.com/andikabahari/eoplatform/server/handler/login_handler.go:22.37,24.3 1 0
github.com/andikabahari/eoplatform/server/handler/login_handler.go:28.64,34.3 2 1
github.com/andikabahari/eoplatform/server/handler/order_handler.go:37.17,46.2 1 1
github.com/andikabahari/eoplatform/server/handler/order_handler.go:48.56,53.31 4 1
github.com/andikabahari/eoplatform/server/handler/order_handler.go:56.2,56.32 1 1
github.com/andikabahari/eoplatform/server/handler/order_handler.go:60.2,61.31 2 1
github.com/andikabahari/eoplatform/server/handler/order_handler.go:67.2,70.4 1 1
github.com/andikabahari/eoplatform/server/handler/order_handler.go:53.31,55.3 1 1
github.com/andikabahari/eoplatform/server/handler/order_handler.go:56.32,58.3 1 1
github.com/andikabahari/eoplatform/server/handler/order_handler.go:61.31,65.3 3 1
github.com/andikabahari/eoplatform/server/handler/order_handler.go:73.58,77.31 3 1
github.com/andikabahari/eoplatform/server/handler/order_handler.go:84.2,86.37 2 1
github.com/andikabahari/eoplatform/server/handler/order_handler.go:90.2,90.39 1 1
github.com/andikabahari/eoplatform/server/handler/order_handler.go:97.2,98.16 2 1
github.com/andikabahari/eoplatform/server/handler/order_handler.go:102.2,105.36 3 1
github.com/andikabahari/eoplatform/server/handler/order_handler.go:122.2,145.4 17 1
github.com/andikabahari/eoplatform/server/handler/order_handler.go:77.31,82.3 1 1
github.com/andikabahari/eoplatform/server/handler/order_handler.go:86.37,88.3 1 0
github.com/andikabahari/eoplatform/server/handler/order_handler.go:90.39,95.3 1 1
github.com/andikabahari/eoplatform/server/handler/order_handler.go:98.16,100.3 1 0
github.com/andikabahari/eoplatform/server/handler/order_handler.go:105.36,109.13 3 1
github.com/andikabahari/eoplatform/server/handler/order_handler.go:113.3,113.56 1 1
github.com/andikabahari/eoplatform/server/handler/order_handler.go:119.3,119.39 1 1
github.com/andikabahari/eoplatform/server/handler/order_handler.go:109.13,111.4 1 1
github.com/andikabahari/eoplatform/server/handler/order_handler.go:113.56,117.4 1 1
github.com/andikabahari/eoplatform/server/handler/order_handler.go:148.68,152.19 3 1
github.com/andikabahari/eoplatform/server/handler/order_handler.go:159.2,162.43 3 1
github.com/andikabahari/eoplatform/server/handler/order_handler.go:169.2,170.46 2 1
github.com/andikabahari/eoplatform/server/handler/order_handler.go:207.2,207.47 1 1
github.com/andikabahari/eoplatform/server/handler/order_handler.go:211.2,216.4 2 1
github.com/andikabahari/eoplatform/server/handler/order_handler.go:152.19,157.3 1 1
github.com/andikabahari/eoplatform/server/handler/order_handler.go:162.43,167.3 1 1
github.com/andikabahari/eoplatform/server/handler/order_handler.go:170.46,174.42 3 0
github.com/andikabahari/eoplatform/server/handler/order_handler.go:178.3,205.34 9 0
github.com/andikabahari/eoplatform/server/handler/order_handler.go:174.42,176.4 1 0
github.com/andikabahari/eoplatform/server/handler/order_handler.go:207.47,209.3 1 0
github.com/andikabahari/eoplatform/server/handler/order_handler.go:219.58,223.19 3 1
github.com/andikabahari/eoplatform/server/handler/order_handler.go:230.2,233.31 3 1
github.com/andikabahari/eoplatform/server/handler/order_handler.go:240.2,249.4 2 1
github.com/andikabahari/eoplatform/server/handler/order_handler.go:223.19,228.3 1 1
github.com/andikabahari/eoplatform/server/handler/order_handler.go:233.31,238.3 1 1
github.com/andikabahari/eoplatform/server/handler/order_handler.go:252.60,255.37 2 1
github.com/andikabahari/eoplatform/server/handler/order_handler.go:258.2,265.26 5 1
github.com/andikabahari/eoplatform/server/handler/order_handler.go:272.2,272.59 1 1
github.com/andikabahari/eoplatform/server/handler/order_handler.go:275.2,275.78 1 1
github.com/andikabahari/eoplatform/server/handler/order_handler.go:282.2,286.4 2 1
github.com/andikabahari/eoplatform/server/handler/order_handler.go:255.37,257.3 1 0
github.com/andikabahari/eoplatform/server/handler/order_handler.go:265.26,270.3 1 1
github.com/andikabahari/eoplatform/server/handler/order_handler.go:272.59,274.3 1 1
github.com/andikabahari/eoplatform/server/handler/order_handler.go:275.78,281.3 4 1
github.com/andikabahari/eoplatform/server/handler/register_handler.go:17.69,19.2 1 1
github.com/andikabahari/eoplatform/server/handler/register_handler.go:21.58,24.37 2 1
github.com/andikabahari/eoplatform/server/handler/register_handler.go:28.2,28.39 1 1
github.com/andikabahari/eoplatform/server/handler/register_handler.go:35.2,37.66 2 1
github.com/andikabahari/eoplatform/server/handler/register_handler.go:45.2,48.4 1 1
github.com/andikabahari/eoplatform/server/handler/register_handler.go:24.37,26.3 1 0
github.com/andikabahari/eoplatform/server/handler/register_handler.go:28.39,33.3 1 1
github.com/andikabahari/eoplatform/server/handler/register_handler.go:37.66,43.3 2 1
